c:\research\opencvproject\denoise\denoise\x64\debug\vc141.pdb
c:\research\opencvproject\denoise\denoise\x64\debug\vc141.idb
c:\research\opencvproject\denoise\denoise\x64\debug\airlight.obj
c:\research\opencvproject\denoise\denoise\x64\debug\checkflow.obj
c:\research\opencvproject\denoise\denoise\x64\debug\combinetwoimg.obj
c:\research\opencvproject\denoise\denoise\x64\debug\darkchannel.obj
c:\research\opencvproject\denoise\denoise\x64\debug\darkchannelframes.obj
c:\research\opencvproject\denoise\denoise\x64\debug\darkframes.obj
c:\research\opencvproject\denoise\denoise\x64\debug\recover.obj
c:\research\opencvproject\denoise\denoise\x64\debug\test.obj
c:\research\opencvproject\denoise\denoise\x64\debug\transmission.obj
c:\research\opencvproject\denoise\x64\debug\denoise.ilk
c:\research\opencvproject\denoise\x64\debug\denoise.exe
c:\research\opencvproject\denoise\x64\debug\denoise.pdb
c:\research\opencvproject\denoise\denoise\x64\debug\test.obj.enc
c:\research\opencvproject\denoise\denoise\x64\debug\denoise.tlog\cl.command.1.tlog
c:\research\opencvproject\denoise\denoise\x64\debug\denoise.tlog\cl.read.1.tlog
c:\research\opencvproject\denoise\denoise\x64\debug\denoise.tlog\cl.write.1.tlog
c:\research\opencvproject\denoise\denoise\x64\debug\denoise.tlog\link.command.1.tlog
c:\research\opencvproject\denoise\denoise\x64\debug\denoise.tlog\link.read.1.tlog
c:\research\opencvproject\denoise\denoise\x64\debug\denoise.tlog\link.write.1.tlog
